<?xml version="1.0" encoding="UTF-8"?>
<!-- Generated by org.testng.reporters.JUnitReportReporter -->
<testsuite skipped="0" hostname="Mahesh-PC" name="com.amazon.qa.testcases.HomePageTest" tests="4" failures="0" timestamp="2021-01-22T12:57:11 IST" time="81.900" errors="0">
  <testcase name="verifyHomePageTitleTest" time="22.365" classname="com.amazon.qa.testcases.HomePageTest"/>
  <system-out/>
  <testcase name="verifyUserNameTest" time="18.643" classname="com.amazon.qa.testcases.HomePageTest"/>
  <system-out/>
  <testcase name="verifyHomePageLogoTest" time="18.714" classname="com.amazon.qa.testcases.HomePageTest"/>
  <system-out/>
  <testcase name="clickfriendsPageLinkTest" time="22.178" classname="com.amazon.qa.testcases.HomePageTest"/>
  <system-out/>
</testsuite> <!-- com.amazon.qa.testcases.HomePageTest -->
