<?xml version="1.0" encoding="UTF-8"?>
<!-- Generated by org.testng.reporters.JUnitReportReporter -->
<testsuite skipped="0" hostname="Mahesh-PC" name="com.amazon.qa.testcases.LoginPageTest" tests="3" failures="0" timestamp="2021-01-22T12:57:11 IST" time="51.166" errors="0">
  <testcase name="loginPageTitleTest" time="10.115" classname="com.amazon.qa.testcases.LoginPageTest"/>
  <system-out/>
  <testcase name="fbLogoImageTest" time="29.997" classname="com.amazon.qa.testcases.LoginPageTest"/>
  <system-out/>
  <testcase name="loginTest" time="11.054" classname="com.amazon.qa.testcases.LoginPageTest"/>
  <system-out/>
</testsuite> <!-- com.amazon.qa.testcases.LoginPageTest -->
